# JRE version: OpenJDK Runtime Environment Temurin-21.0.9+10 (21.0.9+10) (build 21.0.9+10-LTS)
# Java VM: OpenJDK 64-Bit Server VM Temurin-21.0.9+10 (21.0.9+10-LTS, mixed mode, sharing, tiered, compressed oops, compressed class ptrs, parallel gc, windows-amd64)
GC Precious Log:
 CardTable entry size: 512
 CPUs: 12 total, 12 available
 Memory: 16016M
 Large Page Support: Disabled
 NUMA Support: Disabled
 Compressed Oops: Enabled (32-bit)
 Alignments: Space 512K, Generation 512K, Heap 2M
 Heap Min Capacity: 100M
 Heap Initial Capacity: 100M
 Heap Max Capacity: 2G
 Pre-touch: Disabled
 Parallel Workers: 10
Heap:
 PSYoungGen      total 4096K, used 792K [0x00000000d5580000, 0x00000000d5d80000, 0x0000000100000000)
  eden space 3072K, 14% used [0x00000000d5580000,0x00000000d55ee270,0x00000000d5880000)
  from space 1024K, 34% used [0x00000000d5b80000,0x00000000d5bd8020,0x00000000d5c80000)
  to   space 512K, 0% used [0x00000000d5d00000,0x00000000d5d00000,0x00000000d5d80000)
 ParOldGen       total 698368K, used 698018K [0x0000000080000000, 0x00000000aaa00000, 0x00000000d5580000)
  object space 698368K, 99% used [0x0000000080000000,0x00000000aa9a8840,0x00000000aaa00000)
 Metaspace       used 84664K, committed 86464K, reserved 1179648K
  class space    used 8740K, committed 9536K, reserved 1048576K
GC Heap History (20 events):
Event: 1125.282 GC heap before
{Heap before GC invocations=928 (full 4):
 PSYoungGen      total 6144K, used 6144K [0x00000000d5580000, 0x00000000d6180000, 0x0000000100000000)
  eden space 3072K, 100% used [0x00000000d5580000,0x00000000d5880000,0x00000000d5880000)
  from space 3072K, 100% used [0x00000000d5880000,0x00000000d5b80000,0x00000000d5b80000)
  to   space 4096K, 0% used [0x00000000d5d80000,0x00000000d5d80000,0x00000000d6180000)
 ParOldGen       total 647168K, used 647025K [0x0000000080000000, 0x00000000a7800000, 0x00000000d5580000)
  object space 647168K, 99% used [0x0000000080000000,0x00000000a77dc738,0x00000000a7800000)
 Metaspace       used 84592K, committed 86464K, reserved 1179648K
  class space    used 8740K, committed 9536K, reserved 1048576K
}
Event: 1125.290 GC heap after
{Heap after GC invocations=928 (full 4):
 PSYoungGen      total 7680K, used 3168K [0x00000000d5580000, 0x00000000d6100000, 0x0000000100000000)
  eden space 4096K, 0% used [0x00000000d5580000,0x00000000d5580000,0x00000000d5980000)
  from space 3584K, 88% used [0x00000000d5d80000,0x00000000d6098000,0x00000000d6100000)
  to   space 3584K, 0% used [0x00000000d5a00000,0x00000000d5a00000,0x00000000d5d80000)
 ParOldGen       total 650240K, used 650017K [0x0000000080000000, 0x00000000a7b00000, 0x00000000d5580000)
  object space 650240K, 99% used [0x0000000080000000,0x00000000a7ac8738,0x00000000a7b00000)
 Metaspace       used 84592K, committed 86464K, reserved 1179648K
  class space    used 8740K, committed 9536K, reserved 1048576K
}
Event: 1125.314 GC heap before
{Heap before GC invocations=929 (full 4):
 PSYoungGen      total 7680K, used 7013K [0x00000000d5580000, 0x00000000d6100000, 0x0000000100000000)
  eden space 4096K, 93% used [0x00000000d5580000,0x00000000d5941588,0x00000000d5980000)
  from space 3584K, 88% used [0x00000000d5d80000,0x00000000d6098000,0x00000000d6100000)
  to   space 3584K, 0% used [0x00000000d5a00000,0x00000000d5a00000,0x00000000d5d80000)
 ParOldGen       total 650240K, used 650017K [0x0000000080000000, 0x00000000a7b00000, 0x00000000d5580000)
  object space 650240K, 99% used [0x0000000080000000,0x00000000a7ac8738,0x00000000a7b00000)
 Metaspace       used 84593K, committed 86464K, reserved 1179648K
  class space    used 8740K, committed 9536K, reserved 1048576K
}
Event: 1125.320 GC heap after
{Heap after GC invocations=929 (full 4):
 PSYoungGen      total 8192K, used 3048K [0x00000000d5580000, 0x00000000d6180000, 0x0000000100000000)
  eden space 4608K, 0% used [0x00000000d5580000,0x00000000d5580000,0x00000000d5a00000)
  from space 3584K, 85% used [0x00000000d5a00000,0x00000000d5cfa000,0x00000000d5d80000)
  to   space 3584K, 0% used [0x00000000d5e00000,0x00000000d5e00000,0x00000000d6180000)
 ParOldGen       total 653312K, used 653057K [0x0000000080000000, 0x00000000a7e00000, 0x00000000d5580000)
  object space 653312K, 99% used [0x0000000080000000,0x00000000a7dc0738,0x00000000a7e00000)
 Metaspace       used 84593K, committed 86464K, reserved 1179648K
  class space    used 8740K, committed 9536K, reserved 1048576K
}
Event: 1125.414 GC heap before
{Heap before GC invocations=930 (full 4):
 PSYoungGen      total 8192K, used 7656K [0x00000000d5580000, 0x00000000d6180000, 0x0000000100000000)
  eden space 4608K, 100% used [0x00000000d5580000,0x00000000d5a00000,0x00000000d5a00000)
  from space 3584K, 85% used [0x00000000d5a00000,0x00000000d5cfa000,0x00000000d5d80000)
  to   space 3584K, 0% used [0x00000000d5e00000,0x00000000d5e00000,0x00000000d6180000)
 ParOldGen       total 653312K, used 653057K [0x0000000080000000, 0x00000000a7e00000, 0x00000000d5580000)
  object space 653312K, 99% used [0x0000000080000000,0x00000000a7dc0738,0x00000000a7e00000)
 Metaspace       used 84601K, committed 86464K, reserved 1179648K
  class space    used 8740K, committed 9536K, reserved 1048576K
}
Event: 1125.422 GC heap after
{Heap after GC invocations=930 (full 4):
 PSYoungGen      total 7680K, used 2003K [0x00000000d5580000, 0x00000000d6000000, 0x0000000100000000)
  eden space 5632K, 0% used [0x00000000d5580000,0x00000000d5580000,0x00000000d5b00000)
  from space 2048K, 97% used [0x00000000d5e00000,0x00000000d5ff4f10,0x00000000d6000000)
  to   space 2560K, 0% used [0x00000000d5b00000,0x00000000d5b00000,0x00000000d5d80000)
 ParOldGen       total 655872K, used 655377K [0x0000000080000000, 0x00000000a8080000, 0x00000000d5580000)
  object space 655872K, 99% used [0x0000000080000000,0x00000000a8004738,0x00000000a8080000)
 Metaspace       used 84601K, committed 86464K, reserved 1179648K
  class space    used 8740K, committed 9536K, reserved 1048576K
}
Event: 1125.460 GC heap before
{Heap before GC invocations=931 (full 4):
 PSYoungGen      total 7680K, used 7635K [0x00000000d5580000, 0x00000000d6000000, 0x0000000100000000)
  eden space 5632K, 100% used [0x00000000d5580000,0x00000000d5b00000,0x00000000d5b00000)
  from space 2048K, 97% used [0x00000000d5e00000,0x00000000d5ff4f10,0x00000000d6000000)
  to   space 2560K, 0% used [0x00000000d5b00000,0x00000000d5b00000,0x00000000d5d80000)
 ParOldGen       total 655872K, used 655377K [0x0000000080000000, 0x00000000a8080000, 0x00000000d5580000)
  object space 655872K, 99% used [0x0000000080000000,0x00000000a8004738,0x00000000a8080000)
 Metaspace       used 84601K, committed 86464K, reserved 1179648K
  class space    used 8740K, committed 9536K, reserved 1048576K
}
Event: 1125.465 GC heap after
{Heap after GC invocations=931 (full 4):
 PSYoungGen      total 8192K, used 240K [0x00000000d5580000, 0x00000000d5e80000, 0x0000000100000000)
  eden space 5632K, 0% used [0x00000000d5580000,0x00000000d5580000,0x00000000d5b00000)
  from space 2560K, 9% used [0x00000000d5b00000,0x00000000d5b3c010,0x00000000d5d80000)
  to   space 1024K, 0% used [0x00000000d5d80000,0x00000000d5d80000,0x00000000d5e80000)
 ParOldGen       total 657920K, used 657180K [0x0000000080000000, 0x00000000a8280000, 0x00000000d5580000)
  object space 657920K, 99% used [0x0000000080000000,0x00000000a81c7058,0x00000000a8280000)
 Metaspace       used 84601K, committed 86464K, reserved 1179648K
  class space    used 8740K, committed 9536K, reserved 1048576K
}
Event: 1125.927 GC heap before
{Heap before GC invocations=932 (full 4):
 PSYoungGen      total 8192K, used 5872K [0x00000000d5580000, 0x00000000d5e80000, 0x0000000100000000)
  eden space 5632K, 100% used [0x00000000d5580000,0x00000000d5b00000,0x00000000d5b00000)
  from space 2560K, 9% used [0x00000000d5b00000,0x00000000d5b3c010,0x00000000d5d80000)
  to   space 1024K, 0% used [0x00000000d5d80000,0x00000000d5d80000,0x00000000d5e80000)
 ParOldGen       total 657920K, used 657180K [0x0000000080000000, 0x00000000a8280000, 0x00000000d5580000)
  object space 657920K, 99% used [0x0000000080000000,0x00000000a81c7058,0x00000000a8280000)
 Metaspace       used 84627K, committed 86464K, reserved 1179648K
  class space    used 8740K, committed 9536K, reserved 1048576K
}
Event: 1125.928 GC heap after
{Heap after GC invocations=932 (full 4):
 PSYoungGen      total 6656K, used 587K [0x00000000d5580000, 0x00000000d5e80000, 0x0000000100000000)
  eden space 5632K, 0% used [0x00000000d5580000,0x00000000d5580000,0x00000000d5b00000)
  from space 1024K, 57% used [0x00000000d5d80000,0x00000000d5e12d40,0x00000000d5e80000)
  to   space 1024K, 0% used [0x00000000d5c80000,0x00000000d5c80000,0x00000000d5d80000)
 ParOldGen       total 657920K, used 657220K [0x0000000080000000, 0x00000000a8280000, 0x00000000d5580000)
  object space 657920K, 99% used [0x0000000080000000,0x00000000a81d1058,0x00000000a8280000)
 Metaspace       used 84627K, committed 86464K, reserved 1179648K
  class space    used 8740K, committed 9536K, reserved 1048576K
}
Event: 1126.405 GC heap before
{Heap before GC invocations=933 (full 4):
 PSYoungGen      total 6656K, used 6219K [0x00000000d5580000, 0x00000000d5e80000, 0x0000000100000000)
  eden space 5632K, 99% used [0x00000000d5580000,0x00000000d5affff8,0x00000000d5b00000)
  from space 1024K, 57% used [0x00000000d5d80000,0x00000000d5e12d40,0x00000000d5e80000)
  to   space 1024K, 0% used [0x00000000d5c80000,0x00000000d5c80000,0x00000000d5d80000)
 ParOldGen       total 657920K, used 657220K [0x0000000080000000, 0x00000000a8280000, 0x00000000d5580000)
  object space 657920K, 99% used [0x0000000080000000,0x00000000a81d1058,0x00000000a8280000)
 Metaspace       used 84629K, committed 86464K, reserved 1179648K
  class space    used 8740K, committed 9536K, reserved 1048576K
}
Event: 1126.407 GC heap after
{Heap after GC invocations=933 (full 4):
 PSYoungGen      total 6656K, used 1012K [0x00000000d5580000, 0x00000000d6400000, 0x0000000100000000)
  eden space 5632K, 0% used [0x00000000d5580000,0x00000000d5580000,0x00000000d5b00000)
  from space 1024K, 98% used [0x00000000d5c80000,0x00000000d5d7d2c8,0x00000000d5d80000)
  to   space 4608K, 0% used [0x00000000d5f80000,0x00000000d5f80000,0x00000000d6400000)
 ParOldGen       total 660480K, used 660136K [0x0000000080000000, 0x00000000a8500000, 0x00000000d5580000)
  object space 660480K, 99% used [0x0000000080000000,0x00000000a84aa0e8,0x00000000a8500000)
 Metaspace       used 84629K, committed 86464K, reserved 1179648K
  class space    used 8740K, committed 9536K, reserved 1048576K
}
Event: 1126.470 GC heap before
{Heap before GC invocations=934 (full 4):
 PSYoungGen      total 6656K, used 6644K [0x00000000d5580000, 0x00000000d6400000, 0x0000000100000000)
  eden space 5632K, 100% used [0x00000000d5580000,0x00000000d5b00000,0x00000000d5b00000)
  from space 1024K, 98% used [0x00000000d5c80000,0x00000000d5d7d2c8,0x00000000d5d80000)
  to   space 4608K, 0% used [0x00000000d5f80000,0x00000000d5f80000,0x00000000d6400000)
 ParOldGen       total 660480K, used 660136K [0x0000000080000000, 0x00000000a8500000, 0x00000000d5580000)
  object space 660480K, 99% used [0x0000000080000000,0x00000000a84aa0e8,0x00000000a8500000)
 Metaspace       used 84629K, committed 86464K, reserved 1179648K
  class space    used 8740K, committed 9536K, reserved 1048576K
}
Event: 1126.475 GC heap after
{Heap after GC invocations=934 (full 4):
 PSYoungGen      total 7680K, used 4602K [0x00000000d5580000, 0x00000000d6900000, 0x0000000100000000)
  eden space 3072K, 0% used [0x00000000d5580000,0x00000000d5580000,0x00000000d5880000)
  from space 4608K, 99% used [0x00000000d5f80000,0x00000000d63feb68,0x00000000d6400000)
  to   space 7168K, 0% used [0x00000000d5880000,0x00000000d5880000,0x00000000d5f80000)
 ParOldGen       total 662016K, used 661982K [0x0000000080000000, 0x00000000a8680000, 0x00000000d5580000)
  object space 662016K, 99% used [0x0000000080000000,0x00000000a86779b0,0x00000000a8680000)
 Metaspace       used 84629K, committed 86464K, reserved 1179648K
  class space    used 8740K, committed 9536K, reserved 1048576K
}
Event: 1126.502 GC heap before
{Heap before GC invocations=935 (full 4):
 PSYoungGen      total 7680K, used 7674K [0x00000000d5580000, 0x00000000d6900000, 0x0000000100000000)
  eden space 3072K, 100% used [0x00000000d5580000,0x00000000d5880000,0x00000000d5880000)
  from space 4608K, 99% used [0x00000000d5f80000,0x00000000d63feb68,0x00000000d6400000)
  to   space 7168K, 0% used [0x00000000d5880000,0x00000000d5880000,0x00000000d5f80000)
 ParOldGen       total 662016K, used 661982K [0x0000000080000000, 0x00000000a8680000, 0x00000000d5580000)
  object space 662016K, 99% used [0x0000000080000000,0x00000000a86779b0,0x00000000a8680000)
 Metaspace       used 84629K, committed 86464K, reserved 1179648K
  class space    used 8740K, committed 9536K, reserved 1048576K
}
Event: 1126.508 GC heap after
{Heap after GC invocations=935 (full 4):
 PSYoungGen      total 4096K, used 751K [0x00000000d5580000, 0x00000000d6000000, 0x0000000100000000)
  eden space 3072K, 0% used [0x00000000d5580000,0x00000000d5580000,0x00000000d5880000)
  from space 1024K, 73% used [0x00000000d5880000,0x00000000d593bf90,0x00000000d5980000)
  to   space 3072K, 0% used [0x00000000d5d00000,0x00000000d5d00000,0x00000000d6000000)
 ParOldGen       total 666624K, used 666535K [0x0000000080000000, 0x00000000a8b00000, 0x00000000d5580000)
  object space 666624K, 99% used [0x0000000080000000,0x00000000a8ae9e38,0x00000000a8b00000)
 Metaspace       used 84629K, committed 86464K, reserved 1179648K
  class space    used 8740K, committed 9536K, reserved 1048576K
}
Event: 1126.960 GC heap before
{Heap before GC invocations=936 (full 4):
 PSYoungGen      total 4096K, used 3823K [0x00000000d5580000, 0x00000000d6000000, 0x0000000100000000)
  eden space 3072K, 100% used [0x00000000d5580000,0x00000000d5880000,0x00000000d5880000)
  from space 1024K, 73% used [0x00000000d5880000,0x00000000d593bf90,0x00000000d5980000)
  to   space 3072K, 0% used [0x00000000d5d00000,0x00000000d5d00000,0x00000000d6000000)
 ParOldGen       total 698368K, used 697255K [0x0000000080000000, 0x00000000aaa00000, 0x00000000d5580000)
  object space 698368K, 99% used [0x0000000080000000,0x00000000aa8e9e68,0x00000000aaa00000)
 Metaspace       used 84649K, committed 86464K, reserved 1179648K
  class space    used 8740K, committed 9536K, reserved 1048576K
}
Event: 1126.964 GC heap after
{Heap after GC invocations=936 (full 4):
 PSYoungGen      total 3584K, used 497K [0x00000000d5580000, 0x00000000d5d80000, 0x0000000100000000)
  eden space 3072K, 0% used [0x00000000d5580000,0x00000000d5580000,0x00000000d5880000)
  from space 512K, 97% used [0x00000000d5d00000,0x00000000d5d7c698,0x00000000d5d80000)
  to   space 1024K, 0% used [0x00000000d5b80000,0x00000000d5b80000,0x00000000d5c80000)
 ParOldGen       total 698368K, used 697759K [0x0000000080000000, 0x00000000aaa00000, 0x00000000d5580000)
  object space 698368K, 99% used [0x0000000080000000,0x00000000aa967e68,0x00000000aaa00000)
 Metaspace       used 84649K, committed 86464K, reserved 1179648K
  class space    used 8740K, committed 9536K, reserved 1048576K
}
Event: 1385.574 GC heap before
{Heap before GC invocations=937 (full 4):
 PSYoungGen      total 3584K, used 3569K [0x00000000d5580000, 0x00000000d5d80000, 0x0000000100000000)
  eden space 3072K, 100% used [0x00000000d5580000,0x00000000d5880000,0x00000000d5880000)
  from space 512K, 97% used [0x00000000d5d00000,0x00000000d5d7c698,0x00000000d5d80000)
  to   space 1024K, 0% used [0x00000000d5b80000,0x00000000d5b80000,0x00000000d5c80000)
 ParOldGen       total 698368K, used 697759K [0x0000000080000000, 0x00000000aaa00000, 0x00000000d5580000)
  object space 698368K, 99% used [0x0000000080000000,0x00000000aa967e68,0x00000000aaa00000)
 Metaspace       used 84663K, committed 86464K, reserved 1179648K
  class space    used 8740K, committed 9536K, reserved 1048576K
}
Event: 1385.582 GC heap after
{Heap after GC invocations=937 (full 4):
 PSYoungGen      total 4096K, used 352K [0x00000000d5580000, 0x00000000d5d80000, 0x0000000100000000)
  eden space 3072K, 0% used [0x00000000d5580000,0x00000000d5580000,0x00000000d5880000)
  from space 1024K, 34% used [0x00000000d5b80000,0x00000000d5bd8020,0x00000000d5c80000)
  to   space 512K, 0% used [0x00000000d5d00000,0x00000000d5d00000,0x00000000d5d80000)
 ParOldGen       total 698368K, used 698018K [0x0000000080000000, 0x00000000aaa00000, 0x00000000d5580000)
  object space 698368K, 99% used [0x0000000080000000,0x00000000aa9a8840,0x00000000aaa00000)
 Metaspace       used 84663K, committed 86464K, reserved 1179648K
  class space    used 8740K, committed 9536K, reserved 1048576K
}

